objc[33878]: Class AXEmojiUtilities is implemented in both /Applications/Xcode.app/Contents/Developer/Platforms/iPhoneSimulator.platform/Developer/SDKs/iPhoneSimulator7.1.sdk/System/Library/PrivateFrameworks/AccessibilityUtilities.framework/AccessibilityUtilities and /Applications/Xcode.app/Contents/Developer/Platforms/iPhoneSimulator.platform/Developer/SDKs/iPhoneSimulator7.1.sdk/usr/lib/libAXSpeechManager.dylib. One of the two will be used. Which one is undefined.
2014-07-12 19:17:57.461 DatenightClient[33878:70b] Cannot find executable for CFBundle 0xa5aa3f0 </Applications/Xcode.app/Contents/Developer/Platforms/iPhoneSimulator.platform/Developer/SDKs/iPhoneSimulator7.1.sdk/System/Library/AccessibilityBundles/GeoServices.axbundle> (not loaded)
2014-07-12 19:17:57.470 DatenightClient[33878:70b] Cannot find executable for CFBundle 0xa5c78e0 </Applications/Xcode.app/Contents/Developer/Platforms/iPhoneSimulator.platform/Developer/SDKs/iPhoneSimulator7.1.sdk/System/Library/AccessibilityBundles/CertUIFramework.axbundle> (not loaded)
2014-07-12 19:17:57.529 DatenightClient[33878:70b] Multi-tasking -> Device: YES, App: YES
2014-07-12 19:17:57.581 DatenightClient[33878:70b] Unlimited access to network resources
2014-07-12 19:17:58.164 DatenightClient[33878:70b] Resetting plugins due to page load.
2014-07-12 19:17:58.635 DatenightClient[33878:70b] Finished load of: file:///Users/cmcnamara87/Library/Application%20Support/iPhone%20Simulator/7.1/Applications/CEC017B7-1C20-4F0E-8845-2FD2E29F96CB/DatenightClient.app/www/index.html#/tab/events
objc[34597]: Class AXEmojiUtilities is implemented in both /Applications/Xcode.app/Contents/Developer/Platforms/iPhoneSimulator.platform/Developer/SDKs/iPhoneSimulator7.1.sdk/System/Library/PrivateFrameworks/AccessibilityUtilities.framework/AccessibilityUtilities and /Applications/Xcode.app/Contents/Developer/Platforms/iPhoneSimulator.platform/Developer/SDKs/iPhoneSimulator7.1.sdk/usr/lib/libAXSpeechManager.dylib. One of the two will be used. Which one is undefined.
2014-07-12 19:24:42.866 DatenightClient[34597:70b] Cannot find executable for CFBundle 0xa29b380 </Applications/Xcode.app/Contents/Developer/Platforms/iPhoneSimulator.platform/Developer/SDKs/iPhoneSimulator7.1.sdk/System/Library/AccessibilityBundles/CertUIFramework.axbundle> (not loaded)
2014-07-12 19:24:42.884 DatenightClient[34597:70b] Cannot find executable for CFBundle 0xa2ad9b0 </Applications/Xcode.app/Contents/Developer/Platforms/iPhoneSimulator.platform/Developer/SDKs/iPhoneSimulator7.1.sdk/System/Library/AccessibilityBundles/GeoServices.axbundle> (not loaded)
2014-07-12 19:24:42.966 DatenightClient[34597:70b] Multi-tasking -> Device: YES, App: YES
2014-07-12 19:24:42.990 DatenightClient[34597:70b] Unlimited access to network resources
2014-07-12 19:24:43.332 DatenightClient[34597:70b] Resetting plugins due to page load.
2014-07-12 19:24:43.563 DatenightClient[34597:70b] Finished load of: file:///Users/cmcnamara87/Library/Application%20Support/iPhone%20Simulator/7.1/Applications/CEC017B7-1C20-4F0E-8845-2FD2E29F96CB/DatenightClient.app/www/index.html#/start
objc[34996]: Class AXEmojiUtilities is implemented in both /Applications/Xcode.app/Contents/Developer/Platforms/iPhoneSimulator.platform/Developer/SDKs/iPhoneSimulator7.1.sdk/System/Library/PrivateFrameworks/AccessibilityUtilities.framework/AccessibilityUtilities and /Applications/Xcode.app/Contents/Developer/Platforms/iPhoneSimulator.platform/Developer/SDKs/iPhoneSimulator7.1.sdk/usr/lib/libAXSpeechManager.dylib. One of the two will be used. Which one is undefined.
2014-07-12 19:25:53.749 DatenightClient[34996:70b] Cannot find executable for CFBundle 0xa478c40 </Applications/Xcode.app/Contents/Developer/Platforms/iPhoneSimulator.platform/Developer/SDKs/iPhoneSimulator7.1.sdk/System/Library/AccessibilityBundles/GeoServices.axbundle> (not loaded)
2014-07-12 19:25:53.759 DatenightClient[34996:70b] Cannot find executable for CFBundle 0xa369ee0 </Applications/Xcode.app/Contents/Developer/Platforms/iPhoneSimulator.platform/Developer/SDKs/iPhoneSimulator7.1.sdk/System/Library/AccessibilityBundles/CertUIFramework.axbundle> (not loaded)
2014-07-12 19:25:53.797 DatenightClient[34996:70b] Multi-tasking -> Device: YES, App: YES
2014-07-12 19:25:53.842 DatenightClient[34996:70b] Unlimited access to network resources
2014-07-12 19:25:54.170 DatenightClient[34996:70b] Resetting plugins due to page load.
2014-07-12 19:25:54.472 DatenightClient[34996:70b] Finished load of: file:///Users/cmcnamara87/Library/Application%20Support/iPhone%20Simulator/7.1/Applications/CEC017B7-1C20-4F0E-8845-2FD2E29F96CB/DatenightClient.app/www/index.html#/start
objc[35559]: Class AXEmojiUtilities is implemented in both /Applications/Xcode.app/Contents/Developer/Platforms/iPhoneSimulator.platform/Developer/SDKs/iPhoneSimulator7.1.sdk/System/Library/PrivateFrameworks/AccessibilityUtilities.framework/AccessibilityUtilities and /Applications/Xcode.app/Contents/Developer/Platforms/iPhoneSimulator.platform/Developer/SDKs/iPhoneSimulator7.1.sdk/usr/lib/libAXSpeechManager.dylib. One of the two will be used. Which one is undefined.
2014-07-12 19:28:48.596 DatenightClient[35559:70b] Cannot find executable for CFBundle 0xa258cd0 </Applications/Xcode.app/Contents/Developer/Platforms/iPhoneSimulator.platform/Developer/SDKs/iPhoneSimulator7.1.sdk/System/Library/AccessibilityBundles/GeoServices.axbundle> (not loaded)
2014-07-12 19:28:48.613 DatenightClient[35559:70b] Cannot find executable for CFBundle 0xa279900 </Applications/Xcode.app/Contents/Developer/Platforms/iPhoneSimulator.platform/Developer/SDKs/iPhoneSimulator7.1.sdk/System/Library/AccessibilityBundles/CertUIFramework.axbundle> (not loaded)
2014-07-12 19:28:48.696 DatenightClient[35559:70b] Multi-tasking -> Device: YES, App: YES
2014-07-12 19:28:48.721 DatenightClient[35559:70b] Unlimited access to network resources
2014-07-12 19:28:49.077 DatenightClient[35559:70b] Resetting plugins due to page load.
2014-07-12 19:28:49.301 DatenightClient[35559:70b] Finished load of: file:///Users/cmcnamara87/Library/Application%20Support/iPhone%20Simulator/7.1/Applications/CEC017B7-1C20-4F0E-8845-2FD2E29F96CB/DatenightClient.app/www/index.html#/start
objc[35778]: Class AXEmojiUtilities is implemented in both /Applications/Xcode.app/Contents/Developer/Platforms/iPhoneSimulator.platform/Developer/SDKs/iPhoneSimulator7.1.sdk/System/Library/PrivateFrameworks/AccessibilityUtilities.framework/AccessibilityUtilities and /Applications/Xcode.app/Contents/Developer/Platforms/iPhoneSimulator.platform/Developer/SDKs/iPhoneSimulator7.1.sdk/usr/lib/libAXSpeechManager.dylib. One of the two will be used. Which one is undefined.
2014-07-12 19:29:09.185 DatenightClient[35778:70b] Cannot find executable for CFBundle 0xa344160 </Applications/Xcode.app/Contents/Developer/Platforms/iPhoneSimulator.platform/Developer/SDKs/iPhoneSimulator7.1.sdk/System/Library/AccessibilityBundles/CertUIFramework.axbundle> (not loaded)
2014-07-12 19:29:09.193 DatenightClient[35778:70b] Cannot find executable for CFBundle 0xa4390c0 </Applications/Xcode.app/Contents/Developer/Platforms/iPhoneSimulator.platform/Developer/SDKs/iPhoneSimulator7.1.sdk/System/Library/AccessibilityBundles/GeoServices.axbundle> (not loaded)
2014-07-12 19:29:09.292 DatenightClient[35778:70b] Multi-tasking -> Device: YES, App: YES
2014-07-12 19:29:09.303 DatenightClient[35778:70b] Unlimited access to network resources
2014-07-12 19:29:09.481 DatenightClient[35778:70b] Resetting plugins due to page load.
2014-07-12 19:29:09.752 DatenightClient[35778:70b] Finished load of: file:///Users/cmcnamara87/Library/Application%20Support/iPhone%20Simulator/7.1/Applications/CEC017B7-1C20-4F0E-8845-2FD2E29F96CB/DatenightClient.app/www/index.html#/start
objc[47028]: Class AXEmojiUtilities is implemented in both /Applications/Xcode.app/Contents/Developer/Platforms/iPhoneSimulator.platform/Developer/SDKs/iPhoneSimulator7.1.sdk/System/Library/PrivateFrameworks/AccessibilityUtilities.framework/AccessibilityUtilities and /Applications/Xcode.app/Contents/Developer/Platforms/iPhoneSimulator.platform/Developer/SDKs/iPhoneSimulator7.1.sdk/usr/lib/libAXSpeechManager.dylib. One of the two will be used. Which one is undefined.
2014-07-13 01:32:51.486 DatenightClient[47028:70b] Cannot find executable for CFBundle 0xa26ca30 </Applications/Xcode.app/Contents/Developer/Platforms/iPhoneSimulator.platform/Developer/SDKs/iPhoneSimulator7.1.sdk/System/Library/AccessibilityBundles/GeoServices.axbundle> (not loaded)
2014-07-13 01:32:51.502 DatenightClient[47028:70b] Cannot find executable for CFBundle 0xa5618d0 </Applications/Xcode.app/Contents/Developer/Platforms/iPhoneSimulator.platform/Developer/SDKs/iPhoneSimulator7.1.sdk/System/Library/AccessibilityBundles/CertUIFramework.axbundle> (not loaded)
2014-07-13 01:32:51.603 DatenightClient[47028:70b] Multi-tasking -> Device: YES, App: YES
2014-07-13 01:32:51.636 DatenightClient[47028:70b] Unlimited access to network resources
2014-07-13 01:32:52.006 DatenightClient[47028:70b] Resetting plugins due to page load.
2014-07-13 01:32:52.256 DatenightClient[47028:70b] Finished load of: file:///Users/cmcnamara87/Library/Application%20Support/iPhone%20Simulator/7.1/Applications/CEC017B7-1C20-4F0E-8845-2FD2E29F96CB/DatenightClient.app/www/index.html#/tab/events
objc[47252]: Class AXEmojiUtilities is implemented in both /Applications/Xcode.app/Contents/Developer/Platforms/iPhoneSimulator.platform/Developer/SDKs/iPhoneSimulator7.1.sdk/System/Library/PrivateFrameworks/AccessibilityUtilities.framework/AccessibilityUtilities and /Applications/Xcode.app/Contents/Developer/Platforms/iPhoneSimulator.platform/Developer/SDKs/iPhoneSimulator7.1.sdk/usr/lib/libAXSpeechManager.dylib. One of the two will be used. Which one is undefined.
2014-07-13 01:33:10.427 DatenightClient[47252:70b] Cannot find executable for CFBundle 0xa291c70 </Applications/Xcode.app/Contents/Developer/Platforms/iPhoneSimulator.platform/Developer/SDKs/iPhoneSimulator7.1.sdk/System/Library/AccessibilityBundles/GeoServices.axbundle> (not loaded)
2014-07-13 01:33:10.438 DatenightClient[47252:70b] Cannot find executable for CFBundle 0xa2a7e90 </Applications/Xcode.app/Contents/Developer/Platforms/iPhoneSimulator.platform/Developer/SDKs/iPhoneSimulator7.1.sdk/System/Library/AccessibilityBundles/CertUIFramework.axbundle> (not loaded)
2014-07-13 01:33:10.479 DatenightClient[47252:70b] Multi-tasking -> Device: YES, App: YES
2014-07-13 01:33:10.489 DatenightClient[47252:70b] Unlimited access to network resources
2014-07-13 01:33:10.686 DatenightClient[47252:70b] Resetting plugins due to page load.
2014-07-13 01:33:10.940 DatenightClient[47252:70b] Finished load of: file:///Users/cmcnamara87/Library/Application%20Support/iPhone%20Simulator/7.1/Applications/CEC017B7-1C20-4F0E-8845-2FD2E29F96CB/DatenightClient.app/www/index.html#/tab/events
objc[47487]: Class AXEmojiUtilities is implemented in both /Applications/Xcode.app/Contents/Developer/Platforms/iPhoneSimulator.platform/Developer/SDKs/iPhoneSimulator7.1.sdk/System/Library/PrivateFrameworks/AccessibilityUtilities.framework/AccessibilityUtilities and /Applications/Xcode.app/Contents/Developer/Platforms/iPhoneSimulator.platform/Developer/SDKs/iPhoneSimulator7.1.sdk/usr/lib/libAXSpeechManager.dylib. One of the two will be used. Which one is undefined.
2014-07-13 01:33:45.268 DatenightClient[47487:70b] Cannot find executable for CFBundle 0xa556a80 </Applications/Xcode.app/Contents/Developer/Platforms/iPhoneSimulator.platform/Developer/SDKs/iPhoneSimulator7.1.sdk/System/Library/AccessibilityBundles/CertUIFramework.axbundle> (not loaded)
2014-07-13 01:33:45.285 DatenightClient[47487:70b] Cannot find executable for CFBundle 0xa375c90 </Applications/Xcode.app/Contents/Developer/Platforms/iPhoneSimulator.platform/Developer/SDKs/iPhoneSimulator7.1.sdk/System/Library/AccessibilityBundles/GeoServices.axbundle> (not loaded)
2014-07-13 01:33:45.330 DatenightClient[47487:70b] Multi-tasking -> Device: YES, App: YES
2014-07-13 01:33:45.341 DatenightClient[47487:70b] Unlimited access to network resources
2014-07-13 01:33:45.533 DatenightClient[47487:70b] Resetting plugins due to page load.
2014-07-13 01:33:45.880 DatenightClient[47487:70b] Finished load of: file:///Users/cmcnamara87/Library/Application%20Support/iPhone%20Simulator/7.1/Applications/CEC017B7-1C20-4F0E-8845-2FD2E29F96CB/DatenightClient.app/www/index.html#/tab/events
objc[47844]: Class AXEmojiUtilities is implemented in both /Applications/Xcode.app/Contents/Developer/Platforms/iPhoneSimulator.platform/Developer/SDKs/iPhoneSimulator7.1.sdk/System/Library/PrivateFrameworks/AccessibilityUtilities.framework/AccessibilityUtilities and /Applications/Xcode.app/Contents/Developer/Platforms/iPhoneSimulator.platform/Developer/SDKs/iPhoneSimulator7.1.sdk/usr/lib/libAXSpeechManager.dylib. One of the two will be used. Which one is undefined.
2014-07-13 01:36:22.132 DatenightClient[47844:70b] Cannot find executable for CFBundle 0xa28aca0 </Applications/Xcode.app/Contents/Developer/Platforms/iPhoneSimulator.platform/Developer/SDKs/iPhoneSimulator7.1.sdk/System/Library/AccessibilityBundles/CertUIFramework.axbundle> (not loaded)
2014-07-13 01:36:22.140 DatenightClient[47844:70b] Cannot find executable for CFBundle 0xa5bba60 </Applications/Xcode.app/Contents/Developer/Platforms/iPhoneSimulator.platform/Developer/SDKs/iPhoneSimulator7.1.sdk/System/Library/AccessibilityBundles/GeoServices.axbundle> (not loaded)
2014-07-13 01:36:22.182 DatenightClient[47844:70b] Multi-tasking -> Device: YES, App: YES
2014-07-13 01:36:22.194 DatenightClient[47844:70b] Unlimited access to network resources
2014-07-13 01:36:22.354 DatenightClient[47844:70b] Resetting plugins due to page load.
2014-07-13 01:36:22.819 DatenightClient[47844:70b] Finished load of: file:///Users/cmcnamara87/Library/Application%20Support/iPhone%20Simulator/7.1/Applications/CEC017B7-1C20-4F0E-8845-2FD2E29F96CB/DatenightClient.app/www/index.html#/tab/events
objc[48115]: Class AXEmojiUtilities is implemented in both /Applications/Xcode.app/Contents/Developer/Platforms/iPhoneSimulator.platform/Developer/SDKs/iPhoneSimulator7.1.sdk/System/Library/PrivateFrameworks/AccessibilityUtilities.framework/AccessibilityUtilities and /Applications/Xcode.app/Contents/Developer/Platforms/iPhoneSimulator.platform/Developer/SDKs/iPhoneSimulator7.1.sdk/usr/lib/libAXSpeechManager.dylib. One of the two will be used. Which one is undefined.
2014-07-13 01:37:21.035 DatenightClient[48115:70b] Cannot find executable for CFBundle 0xa2a31e0 </Applications/Xcode.app/Contents/Developer/Platforms/iPhoneSimulator.platform/Developer/SDKs/iPhoneSimulator7.1.sdk/System/Library/AccessibilityBundles/CertUIFramework.axbundle> (not loaded)
2014-07-13 01:37:21.043 DatenightClient[48115:70b] Cannot find executable for CFBundle 0xa2baaa0 </Applications/Xcode.app/Contents/Developer/Platforms/iPhoneSimulator.platform/Developer/SDKs/iPhoneSimulator7.1.sdk/System/Library/AccessibilityBundles/GeoServices.axbundle> (not loaded)
2014-07-13 01:37:21.093 DatenightClient[48115:70b] Multi-tasking -> Device: YES, App: YES
2014-07-13 01:37:21.103 DatenightClient[48115:70b] Unlimited access to network resources
2014-07-13 01:37:21.282 DatenightClient[48115:70b] Resetting plugins due to page load.
2014-07-13 01:37:21.577 DatenightClient[48115:70b] Finished load of: file:///Users/cmcnamara87/Library/Application%20Support/iPhone%20Simulator/7.1/Applications/CEC017B7-1C20-4F0E-8845-2FD2E29F96CB/DatenightClient.app/www/index.html#/tab/events
2014-07-13 01:37:44.990 DatenightClient[48115:70b] code pussycat39
2014-07-13 01:37:46.212 DatenightClient[48115:70b] go!
2014-07-13 01:37:47.211 DatenightClient[48115:70b] go!
2014-07-13 01:37:48.213 DatenightClient[48115:70b] go!
2014-07-13 01:37:49.315 DatenightClient[48115:70b] go!
